Fri, 09 Oct 2020 16:00:43 INFO     __init__       -- 
XXXXXXXXXXXXXXXXXXXXXXXXXXXXXXXXXXXXXXXXXX BrachioGraph started XXXXXXXXXXXXXXXXXXXXXXXXXXXXXXXXXXXXXXXXXX
Fri, 09 Oct 2020 16:00:45 INFO     plot_file      -- Plot start
Fri, 09 Oct 2020 16:00:45 INFO     plot_file      -- Filename: images/cross.json; Wait: 0; Interpolate: 10; Bounds: None
Fri, 09 Oct 2020 16:00:45 INFO     plot_lines     -- Lines: 2
Fri, 09 Oct 2020 16:00:47 INFO     draw           -- draw || x = -5.0 y = 15.0
Fri, 09 Oct 2020 16:00:52 INFO     draw           -- draw || x = 5.0 y = 15.0
Fri, 09 Oct 2020 16:00:59 INFO     plot_file      -- Plot end
Fri, 09 Oct 2020 16:00:59 INFO     main           -- File Complete!
Fri, 09 Oct 2020 16:00:59 INFO     main           -- 0:00:16
Fri, 09 Oct 2020 16:00:59 INFO     main           -- 

Fri, 09 Oct 2020 16:04:49 INFO     __init__       -- 
XXXXXXXXXXXXXXXXXXXXXXXXXXXXXXXXXXXXXXXXXX BrachioGraph started XXXXXXXXXXXXXXXXXXXXXXXXXXXXXXXXXXXXXXXXXX
Fri, 09 Oct 2020 16:04:51 INFO     plot_file      -- Plot start
Fri, 09 Oct 2020 16:04:51 INFO     plot_file      -- Filename: images/cross.json; Wait: 0; Interpolate: 10; Bounds: None
Fri, 09 Oct 2020 16:04:51 INFO     plot_lines     -- Lines: 2
Fri, 09 Oct 2020 16:04:54 INFO     draw           -- draw || x = -5.0 y = 15.0
Fri, 09 Oct 2020 16:04:58 INFO     draw           -- draw || x = 5.0 y = 15.0
Fri, 09 Oct 2020 16:05:05 INFO     plot_file      -- Plot end
Fri, 09 Oct 2020 16:05:05 INFO     main           -- File Complete!
Fri, 09 Oct 2020 16:05:05 INFO     main           -- 0:00:16

Fri, 09 Oct 2020 16:05:17 INFO     __init__       -- 
XXXXXXXXXXXXXXXXXXXXXXXXXXXXXXXXXXXXXXXXXX BrachioGraph started XXXXXXXXXXXXXXXXXXXXXXXXXXXXXXXXXXXXXXXXXX
Fri, 09 Oct 2020 16:05:19 INFO     plot_file      -- Plot start
Fri, 09 Oct 2020 16:05:19 INFO     plot_file      -- Filename: images/cross.json; Wait: 0; Interpolate: 10; Bounds: None
Fri, 09 Oct 2020 16:05:19 INFO     plot_lines     -- Lines: 2
Fri, 09 Oct 2020 16:05:22 INFO     draw           -- draw || x = -5.0 y = 15.0
Fri, 09 Oct 2020 16:05:26 INFO     draw           -- draw || x = 5.0 y = 15.0
Fri, 09 Oct 2020 16:05:33 INFO     plot_file      -- Plot end
Fri, 09 Oct 2020 16:05:33 INFO     main           -- File Complete!
Fri, 09 Oct 2020 16:05:33 INFO     main           -- 0:00:16

